{
  "Unknown Test Framework": {
    "coverage": {
      "/Users/annawiley/turing_work/3mod/projects/market_money/app/controllers/api/v0/vendors_controller.rb": {
        "lines": [
          1,
          1,
          2,
          null,
          null,
          1,
          5,
          null,
          null,
          1,
          2,
          2,
          1,
          null,
          null,
          1,
          null,
          1,
          5,
          null,
          null,
          1,
          2,
          null,
          null
        ]
      },
      "/Users/annawiley/turing_work/3mod/projects/market_money/app/controllers/application_controller.rb": {
        "lines": [
          1,
          1,
          1,
          null,
          1,
          0,
          null,
          null,
          1,
          3,
          null,
          null
        ]
      },
      "/Users/annawiley/turing_work/3mod/projects/market_money/app/models/vendor.rb": {
        "lines": [
          1,
          1,
          1,
          null,
          1,
          1,
          null
        ]
      },
      "/Users/annawiley/turing_work/3mod/projects/market_money/app/models/application_record.rb": {
        "lines": [
          1,
          1,
          null
        ]
      },
      "/Users/annawiley/turing_work/3mod/projects/market_money/app/serializers/vendor_serializer.rb": {
        "lines": [
          1,
          1,
          1,
          null,
          null,
          null
        ]
      },
      "/Users/annawiley/turing_work/3mod/projects/market_money/app/serializers/error_serializer.rb": {
        "lines": [
          1,
          1,
          3,
          null,
          null,
          1,
          null,
          3,
          null,
          null,
          null,
          null,
          null,
          null,
          null,
          null
        ]
      },
      "/Users/annawiley/turing_work/3mod/projects/market_money/app/poros/error_message.rb": {
        "lines": [
          1,
          1,
          null,
          1,
          3,
          3,
          null,
          null
        ]
      },
      "/Users/annawiley/turing_work/3mod/projects/market_money/app/channels/application_cable/channel.rb": {
        "lines": [
          0,
          0,
          0,
          0
        ],
        "branches": {
        }
      },
      "/Users/annawiley/turing_work/3mod/projects/market_money/app/channels/application_cable/connection.rb": {
        "lines": [
          0,
          0,
          0,
          0
        ],
        "branches": {
        }
      },
      "/Users/annawiley/turing_work/3mod/projects/market_money/app/controllers/api/v0/market_vendors_controller.rb": {
        "lines": [
          0,
          0,
          0,
          0,
          0
        ],
        "branches": {
        }
      },
      "/Users/annawiley/turing_work/3mod/projects/market_money/app/controllers/api/v0/markets_controller.rb": {
        "lines": [
          0,
          0,
          0,
          0,
          null,
          0,
          0,
          0,
          0
        ],
        "branches": {
        }
      },
      "/Users/annawiley/turing_work/3mod/projects/market_money/app/jobs/application_job.rb": {
        "lines": [
          0,
          null,
          null,
          null,
          null,
          null,
          0
        ],
        "branches": {
        }
      },
      "/Users/annawiley/turing_work/3mod/projects/market_money/app/mailers/application_mailer.rb": {
        "lines": [
          0,
          0,
          0,
          0
        ],
        "branches": {
        }
      },
      "/Users/annawiley/turing_work/3mod/projects/market_money/app/models/market.rb": {
        "lines": [
          0,
          0,
          0,
          null,
          0,
          null,
          0,
          0,
          0,
          0
        ],
        "branches": {
        }
      },
      "/Users/annawiley/turing_work/3mod/projects/market_money/app/models/market_vendor.rb": {
        "lines": [
          0,
          0,
          0,
          0
        ],
        "branches": {
        }
      },
      "/Users/annawiley/turing_work/3mod/projects/market_money/app/serializers/market_serializer.rb": {
        "lines": [
          0,
          0,
          0,
          null,
          0,
          null,
          null,
          0
        ],
        "branches": {
        }
      }
    },
    "timestamp": 1693522251
  },
  "RSpec": {
    "coverage": {
      "/Users/annawiley/turing_work/3mod/projects/market_money/config/environment.rb": {
        "lines": [
          null,
          1,
          null,
          null,
          1
        ]
      },
      "/Users/annawiley/turing_work/3mod/projects/market_money/config/application.rb": {
        "lines": [
          1,
          null,
          1,
          null,
          1,
          1,
          1,
          1,
          1,
          1,
          1,
          1,
          1,
          1,
          null,
          null,
          null,
          null,
          1,
          null,
          1,
          1,
          null,
          1,
          null,
          null,
          null,
          null,
          null,
          null,
          null,
          null,
          null,
          null,
          null,
          null,
          1,
          null,
          null
        ]
      },
      "/Users/annawiley/turing_work/3mod/projects/market_money/config/boot.rb": {
        "lines": [
          1,
          null,
          1,
          1
        ]
      },
      "/Users/annawiley/turing_work/3mod/projects/market_money/config/environments/test.rb": {
        "lines": [
          1,
          null,
          null,
          null,
          null,
          null,
          null,
          1,
          null,
          null,
          null,
          1,
          null,
          null,
          null,
          null,
          1,
          null,
          null,
          1,
          1,
          null,
          null,
          null,
          null,
          1,
          1,
          1,
          null,
          null,
          1,
          null,
          null,
          1,
          null,
          null,
          1,
          null,
          1,
          null,
          null,
          null,
          null,
          1,
          null,
          null,
          1,
          null,
          null,
          1,
          null,
          null,
          1,
          null,
          null,
          null,
          null,
          null,
          null,
          null
        ]
      },
      "/Users/annawiley/turing_work/3mod/projects/market_money/config/initializers/cors.rb": {
        "lines": [
          null,
          null,
          null,
          null,
          null,
          null,
          null,
          null,
          null,
          null,
          null,
          null,
          null,
          null,
          null,
          null
        ]
      },
      "/Users/annawiley/turing_work/3mod/projects/market_money/config/initializers/filter_parameter_logging.rb": {
        "lines": [
          null,
          null,
          null,
          null,
          null,
          1,
          null,
          null
        ]
      },
      "/Users/annawiley/turing_work/3mod/projects/market_money/config/initializers/inflections.rb": {
        "lines": [
          null,
          null,
          null,
          null,
          null,
          null,
          null,
          null,
          null,
          null,
          null,
          null,
          null,
          null,
          null,
          null
        ]
      },
      "/Users/annawiley/turing_work/3mod/projects/market_money/spec/factories/markets.rb": {
        "lines": [
          1,
          1,
          19,
          19,
          19,
          19,
          19,
          19,
          19,
          19,
          null,
          null
        ]
      },
      "/Users/annawiley/turing_work/3mod/projects/market_money/spec/factories/vendors.rb": {
        "lines": [
          1,
          1,
          81,
          81,
          81,
          81,
          81,
          null,
          null
        ]
      },
      "/Users/annawiley/turing_work/3mod/projects/market_money/config/routes.rb": {
        "lines": [
          1,
          1,
          1,
          1,
          1,
          null,
          null,
          1,
          null,
          null,
          null
        ]
      },
      "/Users/annawiley/turing_work/3mod/projects/market_money/app/models/market.rb": {
        "lines": [
          1,
          1,
          1,
          null,
          1,
          null,
          1,
          7,
          null,
          null
        ]
      },
      "/Users/annawiley/turing_work/3mod/projects/market_money/app/models/application_record.rb": {
        "lines": [
          1,
          1,
          null
        ]
      },
      "/Users/annawiley/turing_work/3mod/projects/market_money/spec/models/market_vendor_spec.rb": {
        "lines": [
          1,
          null,
          1,
          1,
          2,
          2,
          null,
          null
        ]
      },
      "/Users/annawiley/turing_work/3mod/projects/market_money/app/models/market_vendor.rb": {
        "lines": [
          1,
          1,
          1,
          null
        ]
      },
      "/Users/annawiley/turing_work/3mod/projects/market_money/spec/models/vendor_spec.rb": {
        "lines": [
          1,
          null,
          1,
          1,
          2,
          2,
          null,
          null,
          1,
          2,
          2,
          2,
          2,
          2,
          null,
          null
        ]
      },
      "/Users/annawiley/turing_work/3mod/projects/market_money/app/models/vendor.rb": {
        "lines": [
          1,
          1,
          1,
          null,
          1,
          1,
          null
        ]
      },
      "/Users/annawiley/turing_work/3mod/projects/market_money/spec/requests/api/v0/market_vendors_request_spec.rb": {
        "lines": [
          1,
          null,
          1,
          1,
          2,
          2,
          2,
          2,
          null,
          2,
          2,
          2,
          2,
          2,
          2,
          2,
          null,
          2,
          2,
          2,
          2,
          2,
          2,
          null,
          null,
          1,
          1,
          1,
          null,
          1,
          1,
          null,
          null,
          1,
          null,
          1,
          4,
          4,
          null,
          4,
          4,
          null,
          4,
          4,
          null,
          4,
          4,
          null,
          4,
          4,
          null,
          4,
          4,
          null,
          null,
          null,
          1,
          1,
          1,
          null,
          1,
          1,
          null,
          1,
          null,
          1,
          1,
          1,
          null,
          null,
          null
        ]
      },
      "/Users/annawiley/turing_work/3mod/projects/market_money/spec/requests/api/v0/markets_request_spec.rb": {
        "lines": [
          1,
          null,
          1,
          1,
          3,
          3,
          3,
          3,
          null,
          3,
          3,
          3,
          3,
          3,
          3,
          3,
          null,
          3,
          3,
          3,
          3,
          3,
          3,
          null,
          null,
          null,
          1,
          1,
          null,
          1,
          null,
          1,
          null,
          1,
          null,
          1,
          3,
          3,
          null,
          3,
          3,
          null,
          3,
          3,
          null,
          3,
          3,
          null,
          3,
          3,
          null,
          3,
          3,
          null,
          3,
          3,
          null,
          3,
          3,
          null,
          3,
          3,
          null,
          3,
          3,
          null,
          null,
          null,
          1,
          1,
          1,
          null,
          1,
          1,
          null,
          null,
          1,
          null,
          1,
          1,
          null,
          1,
          1,
          null,
          1,
          1,
          null,
          1,
          1,
          null,
          1,
          1,
          null,
          1,
          1,
          null,
          1,
          1,
          null,
          1,
          1,
          null,
          1,
          1,
          null,
          1,
          1,
          null,
          null,
          1,
          1,
          1,
          null,
          1,
          1,
          null,
          1,
          null,
          1,
          1,
          1,
          null,
          null,
          null,
          null,
          null,
          null
        ]
      },
      "/Users/annawiley/turing_work/3mod/projects/market_money/spec/requests/api/v0/vendors_request_spec.rb": {
        "lines": [
          1,
          null,
          1,
          1,
          7,
          7,
          7,
          7,
          7,
          7,
          7,
          null,
          null,
          1,
          1,
          1,
          null,
          1,
          null,
          1,
          null,
          1,
          1,
          null,
          1,
          1,
          null,
          1,
          1,
          null,
          1,
          1,
          null,
          1,
          1,
          null,
          1,
          1,
          null,
          null,
          1,
          1,
          1,
          null,
          1,
          2,
          null,
          null,
          null,
          1,
          1,
          1,
          1,
          null,
          1,
          null,
          null,
          null,
          null,
          null,
          null,
          1,
          null,
          1,
          1,
          1,
          null,
          1,
          1,
          1,
          1,
          1,
          null,
          null,
          null,
          1,
          1,
          1,
          null,
          1,
          null,
          null,
          null,
          null,
          2,
          1,
          null,
          1,
          null,
          1,
          1,
          1,
          null,
          null,
          null,
          null,
          1,
          1,
          1,
          1,
          1,
          1,
          null,
          1,
          1,
          null,
          1,
          1,
          1,
          null,
          null,
          1,
          1,
          1,
          1,
          null,
          1,
          null,
          1,
          1,
          null,
          1,
          null,
          1,
          1,
          1,
          null,
          null,
          1,
          1,
          1,
          1,
          1,
          null,
          1,
          1,
          null,
          1,
          1,
          null,
          1,
          null,
          1,
          1,
          1,
          null,
          null,
          null
        ]
      },
      "/Users/annawiley/turing_work/3mod/projects/market_money/app/controllers/api/v0/market_vendors_controller.rb": {
        "lines": [
          1,
          1,
          2,
          null,
          null
        ]
      },
      "/Users/annawiley/turing_work/3mod/projects/market_money/app/controllers/application_controller.rb": {
        "lines": [
          1,
          1,
          1,
          null,
          1,
          4,
          null,
          null,
          1,
          3,
          null,
          null
        ]
      },
      "/Users/annawiley/turing_work/3mod/projects/market_money/app/serializers/vendor_serializer.rb": {
        "lines": [
          1,
          1,
          1,
          null,
          null,
          null
        ]
      },
      "/Users/annawiley/turing_work/3mod/projects/market_money/app/serializers/error_serializer.rb": {
        "lines": [
          1,
          1,
          7,
          null,
          null,
          1,
          null,
          7,
          null,
          null,
          null,
          null,
          null,
          null,
          null,
          null
        ]
      },
      "/Users/annawiley/turing_work/3mod/projects/market_money/app/poros/error_message.rb": {
        "lines": [
          1,
          1,
          null,
          1,
          7,
          7,
          null,
          null
        ]
      },
      "/Users/annawiley/turing_work/3mod/projects/market_money/app/controllers/api/v0/markets_controller.rb": {
        "lines": [
          1,
          1,
          1,
          null,
          null,
          1,
          2,
          null,
          null
        ]
      },
      "/Users/annawiley/turing_work/3mod/projects/market_money/app/serializers/market_serializer.rb": {
        "lines": [
          1,
          1,
          1,
          null,
          1,
          null,
          null,
          null
        ]
      },
      "/Users/annawiley/turing_work/3mod/projects/market_money/app/controllers/api/v0/vendors_controller.rb": {
        "lines": [
          1,
          1,
          2,
          null,
          null,
          1,
          3,
          null,
          null,
          1,
          3,
          2,
          1,
          null,
          null,
          1,
          null,
          1,
          3,
          null,
          null,
          1,
          2,
          null,
          null
        ]
      }
    },
    "timestamp": 1693521837
  }
}
